


ARM Macro Assembler    Page 1 


    1 00000000         ; StringConversion.s
    2 00000000         ; Student names: Arnav Surjan
    3 00000000         ; Last modification date: 3/6/2023
    4 00000000         ; Runs on TM4C123
    5 00000000         ; number to string conversions
    6 00000000         
    7 00000000         
    8 00000000                 EXPORT           Dec2String
    9 00000000                 EXPORT           Fix2String
   10 00000000                 AREA             |.text|, CODE, READONLY, ALIGN=
2
   11 00000000                 THUMB
   12 00000000                 PRESERVE8
   13 00000000         
   14 00000000 00000000 
                       DecIdx  EQU              0
   15 00000000         ;-----------------------Dec2String----------------------
                       -
   16 00000000         ; Convert a 32-bit number into unsigned decimal format
   17 00000000         ; String the string into the empty array add null-termin
                       ation
   18 00000000         ; Input: R0 (call by value) 32-bit unsigned number
   19 00000000         ;        R1 pointer to empty array
   20 00000000         ; Output: none
   21 00000000         ; Invariables: This function must not permanently modify
                        registers R4 to R11
   22 00000000         Dec2String
   23 00000000 E92D 0FF0       PUSH             {R4-R11}
   24 00000004 B081            SUB              SP, #4
   25 00000006 46EB            MOV              R11, SP
   26 00000008 F04F 060A       MOV              R6, #10
   27 0000000C F04F 0700       MOV              R7, #0
   28 00000010 F8CB 7000       STR              R7, [R11, #DecIdx]
   29 00000014 F04F 0530       MOV              R5, #0x30
   30 00000018         
   31 00000018 2800            CMP              R0, #0
   32 0000001A D108            BNE              DecAppend
   33 0000001C F8DB A000       LDR              R10, [R11, #DecIdx]
   34 00000020 F801 500A       STRB             R5, [R1, R10]
   35 00000024 F10A 0A01       ADD              R10, #1
   36 00000028 F8CB A000       STR              R10, [R11, #DecIdx]
   37 0000002C E029            B                DecNullTerm
   38 0000002E         
   39 0000002E         DecAppend
   40 0000002E 2800            CMP              R0, #0
   41 00000030 D013            BEQ              DecReverse
   42 00000032 F8DB A000       LDR              R10, [R11, #DecIdx]
   43 00000036 4604            MOV              R4, R0
   44 00000038 FBB0 F0F6       UDIV             R0, R6
   45 0000003C FB00 F006       MUL              R0, R6
   46 00000040 EBA4 0500       SUB              R5, R4, R0
   47 00000044 F105 0530       ADD              R5, #0x30
   48 00000048 F801 500A       STRB             R5, [R1, R10]
   49 0000004C F10A 0A01       ADD              R10, #1
   50 00000050 F8CB A000       STR              R10, [R11, #DecIdx]
   51 00000054 FBB0 F0F6       UDIV             R0, R6
   52 00000058 E7E9            B                DecAppend
   53 0000005A         
   54 0000005A         DecReverse



ARM Macro Assembler    Page 2 


   55 0000005A F8DB A000       LDR              R10, [R11, #DecIdx]
   56 0000005E 46D1            MOV              R9, R10
   57 00000060 F1A9 0901       SUB              R9, #1
   58 00000064 F04F 0200       MOV              R2, #0
   59 00000068         DecRevLoop
   60 00000068 454A            CMP              R2, R9
   61 0000006A DA0A            BGE              DecNullTerm
   62 0000006C 5C8B            LDRB             R3, [R1, R2]
   63 0000006E F811 4009       LDRB             R4, [R1, R9]
   64 00000072 548C            STRB             R4, [R1, R2]
   65 00000074 F801 3009       STRB             R3, [R1, R9]
   66 00000078 F102 0201       ADD              R2, R2, #1
   67 0000007C F1A9 0901       SUB              R9, R9, #1
   68 00000080 E7F2            B                DecRevLoop
   69 00000082         
   70 00000082         DecNullTerm
   71 00000082 F8DB A000       LDR              R10, [R11, #DecIdx]
   72 00000086 F801 700A       STRB             R7, [R1, R10]
   73 0000008A E7FF            B                DecDone
   74 0000008C         
   75 0000008C         DecDone
   76 0000008C B001            ADD              SP, #4
   77 0000008E E8BD 0FF0       POP              {R4-R11}
   78 00000092 4770            BX               LR
   79 00000094         ;* * * * * * * * End of Dec2String * * * * * * * *
   80 00000094         
   81 00000094 00000000 
                       FixDP   EQU              0
   82 00000094 00000004 
                       FixSPACE
                               EQU              4
   83 00000094 00000008 
                       FixSTAR EQU              8
   84 00000094 0000000C 
                       FixNULL EQU              12
   85 00000094 00000010 
                       FixIdx  EQU              16
   86 00000094         ; -----------------------Fix2String---------------------
                       -
   87 00000094         ; Create characters for LCD display in fixed-point forma
                       t
   88 00000094         ; unsigned decimal, resolution 0.001, range 0.000 to 9.9
                       99
   89 00000094         ; Inputs:  R0 is an unsigned 32-bit number
   90 00000094         ;          R1 pointer to empty array
   91 00000094         ; Outputs: none
   92 00000094         ; E.g., R0=0,    then create "0.000 "
   93 00000094         ;       R0=3,    then create "0.003 "
   94 00000094         ;       R0=89,   then create "0.089 "
   95 00000094         ;       R0=123,  then create "0.123 "
   96 00000094         ;       R0=9999, then create "9.999 "
   97 00000094         ;       R0>9999, then create "*.***"
   98 00000094         ; Invariables: This function must not permanently modify
                        registers R4 to R11
   99 00000094         Fix2String
  100 00000094 E92D 0FF0       PUSH             {R4-R11}
  101 00000098 B085            SUB              SP, #20
  102 0000009A 46EB            MOV              R11, SP
  103 0000009C         



ARM Macro Assembler    Page 3 


  104 0000009C F04F 022E       MOV              R2, #0x2E   ; register/stack se
                                                            tup
  105 000000A0 F88B 2000       STRB             R2, [R11, #FixDP]
  106 000000A4 F04F 0220       MOV              R2, #0x20
  107 000000A8 F88B 2004       STRB             R2, [R11, #FixSPACE]
  108 000000AC F04F 022A       MOV              R2, #0x2A
  109 000000B0 F88B 2008       STRB             R2, [R11, #FixSTAR]
  110 000000B4 F04F 0200       MOV              R2, #0x00
  111 000000B8 F88B 200C       STRB             R2, [R11, #FixNULL]
  112 000000BC F04F 0200       MOV              R2, #0
  113 000000C0 F8CB 2010       STR              R2, [R11, #FixIdx]
  114 000000C4 F04F 060A       MOV              R6, #10
  115 000000C8         
  116 000000C8 F242 780F       LDR              R8, =9999
  117 000000CC 4540            CMP              R0, R8
  118 000000CE D840            BHI              FixAsterisks
  119 000000D0         
  120 000000D0         FixAppend
  121 000000D0 F8DB A010       LDR              R10, [R11, #FixIdx]
  122 000000D4 F1BA 0F05       CMP              R10, #5
  123 000000D8 D01C            BEQ              FixReverse
  124 000000DA 4604            MOV              R4, R0
  125 000000DC FBB0 F0F6       UDIV             R0, R6
  126 000000E0 FB00 F006       MUL              R0, R6
  127 000000E4 EBA4 0500       SUB              R5, R4, R0
  128 000000E8 F105 0530       ADD              R5, #0x30
  129 000000EC F801 500A       STRB             R5, [R1, R10]
  130 000000F0 FBB0 F0F6       UDIV             R0, R6
  131 000000F4 F10A 0A01       ADD              R10, #1
  132 000000F8 F8CB A010       STR              R10, [R11, #FixIdx]
  133 000000FC F1BA 0F03       CMP              R10, #3
  134 00000100 D1E6            BNE              FixAppend
  135 00000102 F89B 7000       LDRB             R7, [R11, #FixDP]
  136 00000106 F801 700A       STRB             R7, [R1, R10]
  137 0000010A F10A 0A01       ADD              R10, #1
  138 0000010E F8CB A010       STR              R10, [R11, #FixIdx]
  139 00000112 E7DD            B                FixAppend
  140 00000114         
  141 00000114         FixReverse
  142 00000114 F8DB A010       LDR              R10, [R11, #FixIdx]
  143 00000118 46D1            MOV              R9, R10
  144 0000011A F1A9 0901       SUB              R9, #1
  145 0000011E F04F 0200       MOV              R2, #0
  146 00000122         FixRevLoop
  147 00000122 454A            CMP              R2, R9
  148 00000124 DA0A            BGE              FixAddSpace
  149 00000126 5C8B            LDRB             R3, [R1, R2]
  150 00000128 F811 4009       LDRB             R4, [R1, R9]
  151 0000012C 548C            STRB             R4, [R1, R2]
  152 0000012E F801 3009       STRB             R3, [R1, R9]
  153 00000132 F102 0201       ADD              R2, R2, #1
  154 00000136 F1A9 0901       SUB              R9, R9, #1
  155 0000013A E7F2            B                FixRevLoop
  156 0000013C         
  157 0000013C         FixAddSpace
  158 0000013C F8DB A010       LDR              R10, [R11, #FixIdx]
  159 00000140 F89B 7004       LDRB             R7, [R11, #FixSPACE]
  160 00000144 F801 700A       STRB             R7, [R1, R10]
  161 00000148 F10A 0A01       ADD              R10, #1



ARM Macro Assembler    Page 4 


  162 0000014C F8CB A010       STR              R10, [R11, #FixIdx]
  163 00000150 E022            B                FixNullTerm
  164 00000152         
  165 00000152         FixAsterisks
  166 00000152 F8DB A010       LDR              R10, [R11, #FixIdx]
  167 00000156 F89B 7008       LDRB             R7, [R11, #FixSTAR]
  168 0000015A F801 700A       STRB             R7, [R1, R10]
  169 0000015E F10A 0A01       ADD              R10, #1
  170 00000162 F89B 7000       LDRB             R7, [R11, #FixDP]
  171 00000166 F801 700A       STRB             R7, [R1, R10]
  172 0000016A F10A 0A01       ADD              R10, #1
  173 0000016E F89B 7008       LDRB             R7, [R11, #FixSTAR]
  174 00000172 F801 700A       STRB             R7, [R1, R10]
  175 00000176 F10A 0A01       ADD              R10, #1
  176 0000017A F89B 7008       LDRB             R7, [R11, #FixSTAR]
  177 0000017E F801 700A       STRB             R7, [R1, R10]
  178 00000182 F10A 0A01       ADD              R10, #1
  179 00000186 F89B 7008       LDRB             R7, [R11, #FixSTAR]
  180 0000018A F801 700A       STRB             R7, [R1, R10]
  181 0000018E F10A 0A01       ADD              R10, #1
  182 00000192 F8CB A010       STR              R10, [R11, #FixIdx]
  183 00000196 E7FF            B                FixNullTerm
  184 00000198         
  185 00000198         FixNullTerm
  186 00000198 F8DB A010       LDR              R10, [R11, #FixIdx]
  187 0000019C F8DB 700C       LDR              R7, [R11, #FixNULL]
  188 000001A0 F801 700A       STRB             R7, [R1, R10]
  189 000001A4         
  190 000001A4         
  191 000001A4         FixDone
  192 000001A4 B005            ADD              SP, #20
  193 000001A6 E8BD 0FF0       POP              {R4-R11}
  194 000001AA 4770            BX               LR
  195 000001AC         
  196 000001AC         
  197 000001AC         
  198 000001AC         
  199 000001AC         
  200 000001AC         
  201 000001AC                 ALIGN                        ; make sure the end
                                                             of this section is
                                                             aligned
  202 000001AC                 END                          ; end of file
Command Line: --debug --xref --diag_suppress=9931,A1950W --cpu=Cortex-M4 --fpu=
SoftVFP --depend=.\stringconversion.d -o.\stringconversion.o -I.\RTE\_SaveSimba
 -IC:\Users\arnav\AppData\Local\Arm\Packs\ARM\CMSIS\5.9.0\CMSIS\Core\Include -I
C:\Users\arnav\AppData\Local\Arm\Packs\Keil\TM4C_DFP\1.1.0\Device\Include\TM4C1
23 --predefine="__UVISION_VERSION SETA 538" --predefine="_RTE_ SETA 1" --predef
ine="TM4C123GH6PM SETA 1" --predefine="_RTE_ SETA 1" --list=.\stringconversion.
lst ..\inc\StringConversion.s



ARM Macro Assembler    Page 1 Alphabetic symbol ordering
Relocatable symbols

.text 00000000

Symbol: .text
   Definitions
      At line 10 in file ..\inc\StringConversion.s
   Uses
      None
Comment: .text unused
Dec2String 00000000

Symbol: Dec2String
   Definitions
      At line 22 in file ..\inc\StringConversion.s
   Uses
      At line 8 in file ..\inc\StringConversion.s
Comment: Dec2String used once
DecAppend 0000002E

Symbol: DecAppend
   Definitions
      At line 39 in file ..\inc\StringConversion.s
   Uses
      At line 32 in file ..\inc\StringConversion.s
      At line 52 in file ..\inc\StringConversion.s

DecDone 0000008C

Symbol: DecDone
   Definitions
      At line 75 in file ..\inc\StringConversion.s
   Uses
      At line 73 in file ..\inc\StringConversion.s
Comment: DecDone used once
DecNullTerm 00000082

Symbol: DecNullTerm
   Definitions
      At line 70 in file ..\inc\StringConversion.s
   Uses
      At line 37 in file ..\inc\StringConversion.s
      At line 61 in file ..\inc\StringConversion.s

DecRevLoop 00000068

Symbol: DecRevLoop
   Definitions
      At line 59 in file ..\inc\StringConversion.s
   Uses
      At line 68 in file ..\inc\StringConversion.s
Comment: DecRevLoop used once
DecReverse 0000005A

Symbol: DecReverse
   Definitions
      At line 54 in file ..\inc\StringConversion.s
   Uses
      At line 41 in file ..\inc\StringConversion.s
Comment: DecReverse used once
Fix2String 00000094



ARM Macro Assembler    Page 2 Alphabetic symbol ordering
Relocatable symbols


Symbol: Fix2String
   Definitions
      At line 99 in file ..\inc\StringConversion.s
   Uses
      At line 9 in file ..\inc\StringConversion.s
Comment: Fix2String used once
FixAddSpace 0000013C

Symbol: FixAddSpace
   Definitions
      At line 157 in file ..\inc\StringConversion.s
   Uses
      At line 148 in file ..\inc\StringConversion.s
Comment: FixAddSpace used once
FixAppend 000000D0

Symbol: FixAppend
   Definitions
      At line 120 in file ..\inc\StringConversion.s
   Uses
      At line 134 in file ..\inc\StringConversion.s
      At line 139 in file ..\inc\StringConversion.s

FixAsterisks 00000152

Symbol: FixAsterisks
   Definitions
      At line 165 in file ..\inc\StringConversion.s
   Uses
      At line 118 in file ..\inc\StringConversion.s
Comment: FixAsterisks used once
FixDone 000001A4

Symbol: FixDone
   Definitions
      At line 191 in file ..\inc\StringConversion.s
   Uses
      None
Comment: FixDone unused
FixNullTerm 00000198

Symbol: FixNullTerm
   Definitions
      At line 185 in file ..\inc\StringConversion.s
   Uses
      At line 163 in file ..\inc\StringConversion.s
      At line 183 in file ..\inc\StringConversion.s

FixRevLoop 00000122

Symbol: FixRevLoop
   Definitions
      At line 146 in file ..\inc\StringConversion.s
   Uses
      At line 155 in file ..\inc\StringConversion.s
Comment: FixRevLoop used once
FixReverse 00000114




ARM Macro Assembler    Page 3 Alphabetic symbol ordering
Relocatable symbols

Symbol: FixReverse
   Definitions
      At line 141 in file ..\inc\StringConversion.s
   Uses
      At line 123 in file ..\inc\StringConversion.s
Comment: FixReverse used once
15 symbols



ARM Macro Assembler    Page 1 Alphabetic symbol ordering
Absolute symbols

DecIdx 00000000

Symbol: DecIdx
   Definitions
      At line 14 in file ..\inc\StringConversion.s
   Uses
      At line 28 in file ..\inc\StringConversion.s
      At line 33 in file ..\inc\StringConversion.s
      At line 36 in file ..\inc\StringConversion.s
      At line 42 in file ..\inc\StringConversion.s
      At line 50 in file ..\inc\StringConversion.s
      At line 55 in file ..\inc\StringConversion.s
      At line 71 in file ..\inc\StringConversion.s

FixDP 00000000

Symbol: FixDP
   Definitions
      At line 81 in file ..\inc\StringConversion.s
   Uses
      At line 105 in file ..\inc\StringConversion.s
      At line 135 in file ..\inc\StringConversion.s
      At line 170 in file ..\inc\StringConversion.s

FixIdx 00000010

Symbol: FixIdx
   Definitions
      At line 85 in file ..\inc\StringConversion.s
   Uses
      At line 113 in file ..\inc\StringConversion.s
      At line 121 in file ..\inc\StringConversion.s
      At line 132 in file ..\inc\StringConversion.s
      At line 138 in file ..\inc\StringConversion.s
      At line 142 in file ..\inc\StringConversion.s
      At line 158 in file ..\inc\StringConversion.s
      At line 162 in file ..\inc\StringConversion.s
      At line 166 in file ..\inc\StringConversion.s
      At line 182 in file ..\inc\StringConversion.s
      At line 186 in file ..\inc\StringConversion.s

FixNULL 0000000C

Symbol: FixNULL
   Definitions
      At line 84 in file ..\inc\StringConversion.s
   Uses
      At line 111 in file ..\inc\StringConversion.s
      At line 187 in file ..\inc\StringConversion.s

FixSPACE 00000004

Symbol: FixSPACE
   Definitions
      At line 82 in file ..\inc\StringConversion.s
   Uses
      At line 107 in file ..\inc\StringConversion.s
      At line 159 in file ..\inc\StringConversion.s




ARM Macro Assembler    Page 2 Alphabetic symbol ordering
Absolute symbols

FixSTAR 00000008

Symbol: FixSTAR
   Definitions
      At line 83 in file ..\inc\StringConversion.s
   Uses
      At line 109 in file ..\inc\StringConversion.s
      At line 167 in file ..\inc\StringConversion.s
      At line 173 in file ..\inc\StringConversion.s
      At line 176 in file ..\inc\StringConversion.s
      At line 179 in file ..\inc\StringConversion.s

6 symbols
354 symbols in table
